<?xml version="1.0" encoding="UTF-8"?>
<!-- Generated by org.testng.reporters.JUnitReportReporter -->
<testsuite hostname="DESKTOP-MJ4DF8L" failures="0" tests="1" name="httprequestmethod.Verifypayload" time="3.086" errors="0" timestamp="2024-08-22T13:10:46 IST" skipped="0">
  <testcase classname="httprequestmethod.Verifypayload" name="verifyID" time="3.086"/>
  <system-out/>
</testsuite> <!-- httprequestmethod.Verifypayload -->
