<?xml version="1.0" encoding="UTF-8"?>
<!-- Generated by org.testng.reporters.JUnitReportReporter -->
<testsuite hostname="DESKTOP-MJ4DF8L" failures="0" tests="1" name="httprequestmethod.BereartokenAuth" time="2.269" errors="0" timestamp="2024-08-22T14:22:10 IST" skipped="0">
  <testcase classname="httprequestmethod.BereartokenAuth" name="authorisation" time="2.269"/>
  <system-out/>
</testsuite> <!-- httprequestmethod.BereartokenAuth -->
