<?xml version="1.0" encoding="UTF-8"?>
<!-- Generated by org.testng.reporters.JUnitReportReporter -->
<testsuite hostname="DESKTOP-MJ4DF8L" failures="0" tests="1" name="httprequestmethod.VerifyStatuscode" time="2.241" errors="0" timestamp="2024-08-22T12:45:20 IST" skipped="0">
  <testcase classname="httprequestmethod.VerifyStatuscode" name="verifystatus200" time="2.241"/>
  <system-out/>
</testsuite> <!-- httprequestmethod.VerifyStatuscode -->
