<?xml version="1.0" encoding="UTF-8"?>
<!-- Generated by org.testng.reporters.JUnitReportReporter -->
<testsuite hostname="DESKTOP-MJ4DF8L" failures="0" tests="1" name="httprequestmethod.BasicAuth" time="3.822" errors="0" timestamp="2024-08-22T14:08:24 IST" skipped="0">
  <testcase classname="httprequestmethod.BasicAuth" name="authorisation" time="3.822"/>
  <system-out/>
</testsuite> <!-- httprequestmethod.BasicAuth -->
