<?xml version="1.0" encoding="UTF-8"?>
<!-- Generated by org.testng.reporters.JUnitReportReporter -->
<testsuite hostname="DESKTOP-MJ4DF8L" failures="0" tests="1" name="httprequestmethod.PutMethod" time="2.811" errors="0" timestamp="2024-08-22T12:32:40 IST" skipped="0">
  <testcase classname="httprequestmethod.PutMethod" name="modifydata" time="2.811"/>
  <system-out/>
</testsuite> <!-- httprequestmethod.PutMethod -->
