<?xml version="1.0" encoding="UTF-8"?>
<!-- Generated by org.testng.reporters.JUnitReportReporter -->
<testsuite hostname="DESKTOP-MJ4DF8L" failures="0" tests="1" name="httprequestmethod.DigestAuth" time="4.093" errors="0" timestamp="2024-08-22T14:07:53 IST" skipped="0">
  <testcase classname="httprequestmethod.DigestAuth" name="authorisation" time="4.093"/>
  <system-out/>
</testsuite> <!-- httprequestmethod.DigestAuth -->
