<?xml version="1.0" encoding="UTF-8"?>
<!-- Generated by org.testng.reporters.JUnitReportReporter -->
<testsuite hostname="DESKTOP-MJ4DF8L" failures="0" tests="1" name="httprequestmethod.DeleteMethod" time="2.492" errors="0" timestamp="2024-08-22T12:36:07 IST" skipped="0">
  <testcase classname="httprequestmethod.DeleteMethod" name="Deletedata" time="2.492"/>
  <system-out/>
</testsuite> <!-- httprequestmethod.DeleteMethod -->
