<?xml version="1.0" encoding="UTF-8"?>
<!-- Generated by org.testng.reporters.JUnitReportReporter -->
<testsuite hostname="DESKTOP-MJ4DF8L" failures="0" tests="1" name="httprequestmethod.PostMethod" time="2.871" errors="0" timestamp="2024-08-22T12:18:11 IST" skipped="0">
  <testcase classname="httprequestmethod.PostMethod" name="addDatat" time="2.871"/>
  <system-out/>
</testsuite> <!-- httprequestmethod.PostMethod -->
