<?xml version="1.0" encoding="UTF-8"?>
<!-- Generated by org.testng.reporters.JUnitReportReporter -->
<testsuite hostname="DESKTOP-MJ4DF8L" failures="0" tests="1" name="httprequestmethod.GetMethod" time="2.214" errors="0" timestamp="2024-08-22T11:45:33 IST" skipped="0">
  <testcase classname="httprequestmethod.GetMethod" name="getdata" time="2.214"/>
  <system-out/>
</testsuite> <!-- httprequestmethod.GetMethod -->
